mode: set
github.com/antunesgabriel/gopher-template-default/internal/application/usecase/check_health_usecase.go:13.88,19.2 2 1
github.com/antunesgabriel/gopher-template-default/internal/application/usecase/check_health_usecase.go:21.47,25.2 2 1
github.com/antunesgabriel/gopher-template-default/internal/application/usecase/create_local_user_usecase.go:14.94,20.2 2 1
github.com/antunesgabriel/gopher-template-default/internal/application/usecase/create_local_user_usecase.go:22.79,29.16 4 1
github.com/antunesgabriel/gopher-template-default/internal/application/usecase/create_local_user_usecase.go:29.16,31.3 1 1
github.com/antunesgabriel/gopher-template-default/internal/application/usecase/create_local_user_usecase.go:33.2,35.12 2 1
github.com/antunesgabriel/gopher-template-default/internal/application/usecase/mock.go:12.97,14.2 1 0
github.com/antunesgabriel/gopher-template-default/internal/application/usecase/mock.go:16.104,18.2 1 0
github.com/antunesgabriel/gopher-template-default/internal/application/usecase/mock.go:20.81,23.2 2 1
github.com/antunesgabriel/gopher-template-default/internal/application/usecase/mock.go:25.97,27.2 1 0
github.com/antunesgabriel/gopher-template-default/internal/application/usecase/mock.go:29.81,31.2 1 0
github.com/antunesgabriel/gopher-template-default/internal/application/usecase/mock.go:37.65,39.2 1 1
github.com/antunesgabriel/gopher-template-default/internal/domain/entity/user.go:21.70,31.2 2 1
github.com/antunesgabriel/gopher-template-default/internal/domain/entity/user.go:33.48,34.19 1 1
github.com/antunesgabriel/gopher-template-default/internal/domain/entity/user.go:34.19,36.3 1 1
github.com/antunesgabriel/gopher-template-default/internal/domain/entity/user.go:38.2,38.20 1 1
github.com/antunesgabriel/gopher-template-default/internal/domain/entity/user.go:38.20,40.3 1 1
github.com/antunesgabriel/gopher-template-default/internal/domain/entity/user.go:42.2,44.16 2 1
github.com/antunesgabriel/gopher-template-default/internal/domain/entity/user.go:44.16,46.3 1 0
github.com/antunesgabriel/gopher-template-default/internal/domain/entity/user.go:48.2,50.12 2 1
github.com/antunesgabriel/gopher-template-default/internal/domain/entity/user.go:53.46,54.52 1 1
github.com/antunesgabriel/gopher-template-default/internal/domain/entity/user.go:54.52,56.3 1 1
github.com/antunesgabriel/gopher-template-default/internal/domain/entity/user.go:58.2,58.23 1 1
github.com/antunesgabriel/gopher-template-default/internal/domain/entity/user.go:58.23,60.3 1 1
github.com/antunesgabriel/gopher-template-default/internal/domain/entity/user.go:62.2,62.12 1 1
github.com/antunesgabriel/gopher-template-default/internal/domain/entity/user.go:65.49,66.52 1 1
github.com/antunesgabriel/gopher-template-default/internal/domain/entity/user.go:66.52,68.3 1 0
github.com/antunesgabriel/gopher-template-default/internal/domain/entity/user.go:70.2,70.23 1 1
github.com/antunesgabriel/gopher-template-default/internal/domain/entity/user.go:70.23,72.3 1 1
github.com/antunesgabriel/gopher-template-default/internal/domain/entity/user.go:74.2,74.12 1 1
